<?xml version="1.0" encoding="UTF-8" ?>
<testsuite tests="17" failures="1" name="PrimeNumberFinderTest" time="0.641" errors="0" skipped="0">
  <properties>
[...]
</properties>
  <testcase classname="PrimeNumberFinderTest" name="test00" time="0.564"/>
  <testcase classname="PrimeNumberFinderTest" name="test01" time="0"/>
  <testcase classname="PrimeNumberFinderTest" name="test02" time="0.008"/>
  <testcase classname="PrimeNumberFinderTest" name="test03" time="0.001"/>
  <testcase classname="PrimeNumberFinderTest" name="test04" time="0.001"/>
  <testcase classname="PrimeNumberFinderTest" name="test05" time="0"/>
  <testcase classname="PrimeNumberFinderTest" name="test06" time="0"/>
  <testcase classname="PrimeNumberFinderTest" name="test07" time="0.001"/>
  <testcase classname="PrimeNumberFinderTest" name="test08" time="0"/>
  <testcase classname="PrimeNumberFinderTest" name="test09" time="0"/>
  <testcase classname="PrimeNumberFinderTest" name="test10" time="0"/>
  <testcase classname="PrimeNumberFinderTest" name="test11" time="0.001"/>
  <testcase classname="PrimeNumberFinderTest" name="test12" time="0"/>
  <testcase classname="PrimeNumberFinderTest" name="test13" time="0.001"/>
  <testcase classname="PrimeNumberFinderTest" name="test14" time="0.064">
    <failure message="Expecting exception: NullPointerException" type="java.lang.AssertionError">java.lang.AssertionError: Expecting exception: NullPointerException
	at org.junit.Assert.fail(Assert.java:89)
	at PrimeNumberFinderTest.test14(PrimeNumberFinderTest.java:128)
	at java.base/jdk.internal.reflect.NativeMethodAccessorImpl.invoke0(Native Method)
	at java.base/jdk.internal.reflect.NativeMethodAccessorImpl.invoke(NativeMethodAccessorImpl.java:77)
	at java.base/jdk.internal.reflect.DelegatingMethodAccessorImpl.invoke(DelegatingMethodAccessorImpl.java:43)
	at java.base/java.lang.reflect.Method.invoke(Method.java:568)
	at org.junit.runners.model.FrameworkMethod$1.runReflectiveCall(FrameworkMethod.java:59)
	at org.junit.internal.runners.model.ReflectiveCallable.run(ReflectiveCallable.java:12)
	at org.junit.runners.model.FrameworkMethod.invokeExplosively(FrameworkMethod.java:56)
	at org.junit.internal.runners.statements.InvokeMethod.evaluate(InvokeMethod.java:17)
	at org.junit.internal.runners.statements.FailOnTimeout$CallableStatement.call(FailOnTimeout.java:299)
	at org.junit.internal.runners.statements.FailOnTimeout$CallableStatement.call(FailOnTimeout.java:293)
	at java.base/java.util.concurrent.FutureTask.run(FutureTask.java:264)
	at java.base/java.lang.Thread.run(Thread.java:840)
</failure>
  </testcase>
  <testcase classname="PrimeNumberFinderTest" name="test15" time="0"/>
  <testcase classname="PrimeNumberFinderTest" name="test16" time="0"/>
</testsuite>