<?xml version="1.0" encoding="UTF-8"?>
<testsuite xmlns:xsi="http://www.w3.org/2001/XMLSchema-instance" xsi:noNamespaceSchemaLocation="https://maven.apache.org/surefire/maven-surefire-plugin/xsd/surefire-test-report-3.0.xsd" version="3.0" name="com.example.TriangleTest" time="1.13" tests="9" errors="0" skipped="0" failures="0">
  <properties>
[...]
</properties>
  <testcase name="testInvalidNeg1" classname="com.example.TriangleTest" time="0.146"/>
  <testcase name="testInvalidNeg3" classname="com.example.TriangleTest" time="0"/>
  <testcase name="testEquiliteral" classname="com.example.TriangleTest" time="0"/>
  <testcase name="test1" classname="com.example.TriangleTest" time="0"/>
  <testcase name="testIsoceles1" classname="com.example.TriangleTest" time="0"/>
  <testcase name="testBoost1" classname="com.example.TriangleTest" time="0"/>
  <testcase name="testBoost2" classname="com.example.TriangleTest" time="0"/>
  <testcase name="testBoost3" classname="com.example.TriangleTest" time="0"/>
  <testcase name="testInvalid1" classname="com.example.TriangleTest" time="0"/>
</testsuite>